<?xml version="1.0" encoding="UTF-8"?>
<!-- Generated by org.testng.reporters.JUnitReportReporter -->
<testsuite hostname="DESKTOP-VC14B0M" failures="0" tests="1" name="vtiger.CreateProjectTest" time="0.007" errors="0" timestamp="18 Jul 2022 11:04:27 GMT" skipped="0">
  <testcase classname="vtiger.CreateProjectTest" name="CreateVendorTest" time="0.007"/>
</testsuite> <!-- vtiger.CreateProjectTest -->
